<?xml version="1.0" encoding="UTF-8"?>
<!-- Generated by org.testng.reporters.JUnitReportReporter -->
<testsuite hostname="DESKTOP-NDMVHJR" failures="0" tests="1" name="com.qa.room.test.BookingsPageTest" time="54.654" errors="0" timestamp="2024-01-19T14:51:48 IST" skipped="0">
  <testcase classname="com.qa.room.test.BookingsPageTest" name="get_booking_done" time="54.654"/>
</testsuite> <!-- com.qa.room.test.BookingsPageTest -->
