<?xml version="1.0" encoding="UTF-8"?>
<!-- Generated by org.testng.reporters.JUnitReportReporter -->
<testsuite hostname="DESKTOP-NDMVHJR" failures="0" tests="1" name="com.qa.room.test.SearchFlatTest" time="45.812" errors="0" timestamp="2024-01-19T08:04:26 IST" skipped="0">
  <testcase classname="com.qa.room.test.SearchFlatTest" name="searchflatbasedoncity" time="45.812"/>
</testsuite> <!-- com.qa.room.test.SearchFlatTest -->
