<?xml version="1.0" encoding="UTF-8"?>
<!-- Generated by org.testng.reporters.JUnitReportReporter -->
<testsuite hostname="DESKTOP-NDMVHJR" failures="0" tests="1" name="com.qa.room.test.BookingsPageTest" time="67.831" errors="0" timestamp="2024-01-17T08:11:15 IST" skipped="0">
  <testcase classname="com.qa.room.test.BookingsPageTest" name="get_booking_done" time="67.831"/>
</testsuite> <!-- com.qa.room.test.BookingsPageTest -->
